0 info it worked if it ends with ok
1 verbose cli [ 'C:\\Program Files\\nodejs\\node.exe',
1 verbose cli   'C:\\Program Files\\nodejs\\node_modules\\npm\\bin\\npm-cli.js',
1 verbose cli   'run',
1 verbose cli   'local' ]
2 info using npm@3.6.0
3 info using node@v5.7.0
4 verbose run-script [ 'prelocal', 'local', 'postlocal' ]
5 info lifecycle coapi@0.0.1~prelocal: coapi@0.0.1
6 silly lifecycle coapi@0.0.1~prelocal: no script for prelocal, continuing
7 info lifecycle coapi@0.0.1~local: coapi@0.0.1
8 verbose lifecycle coapi@0.0.1~local: unsafe-perm in lifecycle true
9 verbose lifecycle coapi@0.0.1~local: PATH: C:\Program Files\nodejs\node_modules\npm\bin\node-gyp-bin;C:\Users\hgadoalz\Desktop\NazgulNet\node_modules\.bin;C:\ProgramData\Oracle\Java\javapath;C:\oraclexe\app\oracle\product\11.2.0\server\bin;C:\Program Files (x86)\Intel\iCLS Client\;C:\Program Files\Intel\iCLS Client\;C:\Windows\system32;C:\Windows;C:\Windows\System32\Wbem;C:\Windows\System32\WindowsPowerShell\v1.0\;C:\Program Files\Intel\Intel(R) Management Engine Components\DAL;C:\Program Files\Intel\Intel(R) Management Engine Components\IPT;C:\Program Files (x86)\Intel\Intel(R) Management Engine Components\DAL;C:\Program Files (x86)\Intel\Intel(R) Management Engine Components\IPT;C:\Users\hgadoalz\Desktop\MATLAB\runtime\win64;C:\Users\hgadoalz\Desktop\MATLAB\bin;C:\Program Files\Microsoft\Web Platform Installer\;C:\Program Files (x86)\Microsoft ASP.NET\ASP.NET Web Pages\v1.0\;C:\Program Files (x86)\Windows Kits\8.0\Windows Performance Toolkit\;C:\Program Files\Microsoft SQL Server\110\Tools\Binn\;C:\Program Files\Java\jdk1.8.0_25\bin;C:\Program Files (x86)\Skype\Phone\;C:\Program Files (x86)\Brackets\command;C:\Program Files\nodejs\;C:\Ruby22-x64\bin;C:\Users\hgadoalz\Desktop;C:\Users\hgadoalz\AppData\Local\Box\Box Edit\;C:\Users\hgadoalz\AppData\Roaming\npm
10 verbose lifecycle coapi@0.0.1~local: CWD: C:\Users\hgadoalz\Desktop\NazgulNet
11 silly lifecycle coapi@0.0.1~local: Args: [ '/d /s /c',
11 silly lifecycle   'NODE_ENV=local LOG=trace BLUEBIRD_DEBUG=1 BLUEBIRD_W_FORGOTTEN_RETURN=0 node --harmony-destructuring server.js | bunyan' ]
12 silly lifecycle coapi@0.0.1~local: Returned: code: 255  signal: null
13 info lifecycle coapi@0.0.1~local: Failed to exec local script
14 verbose stack Error: coapi@0.0.1 local: `NODE_ENV=local LOG=trace BLUEBIRD_DEBUG=1 BLUEBIRD_W_FORGOTTEN_RETURN=0 node --harmony-destructuring server.js | bunyan`
14 verbose stack Exit status 255
14 verbose stack     at EventEmitter.<anonymous> (C:\Program Files\nodejs\node_modules\npm\lib\utils\lifecycle.js:232:16)
14 verbose stack     at emitTwo (events.js:100:13)
14 verbose stack     at EventEmitter.emit (events.js:185:7)
14 verbose stack     at ChildProcess.<anonymous> (C:\Program Files\nodejs\node_modules\npm\lib\utils\spawn.js:24:14)
14 verbose stack     at emitTwo (events.js:100:13)
14 verbose stack     at ChildProcess.emit (events.js:185:7)
14 verbose stack     at maybeClose (internal/child_process.js:827:16)
14 verbose stack     at Process.ChildProcess._handle.onexit (internal/child_process.js:211:5)
15 verbose pkgid coapi@0.0.1
16 verbose cwd C:\Users\hgadoalz\Desktop\NazgulNet
17 error Windows_NT 6.3.9600
18 error argv "C:\\Program Files\\nodejs\\node.exe" "C:\\Program Files\\nodejs\\node_modules\\npm\\bin\\npm-cli.js" "run" "local"
19 error node v5.7.0
20 error npm  v3.6.0
21 error code ELIFECYCLE
22 error coapi@0.0.1 local: `NODE_ENV=local LOG=trace BLUEBIRD_DEBUG=1 BLUEBIRD_W_FORGOTTEN_RETURN=0 node --harmony-destructuring server.js | bunyan`
22 error Exit status 255
23 error Failed at the coapi@0.0.1 local script 'NODE_ENV=local LOG=trace BLUEBIRD_DEBUG=1 BLUEBIRD_W_FORGOTTEN_RETURN=0 node --harmony-destructuring server.js | bunyan'.
23 error Make sure you have the latest version of node.js and npm installed.
23 error If you do, this is most likely a problem with the coapi package,
23 error not with npm itself.
23 error Tell the author that this fails on your system:
23 error     NODE_ENV=local LOG=trace BLUEBIRD_DEBUG=1 BLUEBIRD_W_FORGOTTEN_RETURN=0 node --harmony-destructuring server.js | bunyan
23 error You can get information on how to open an issue for this project with:
23 error     npm bugs coapi
23 error Or if that isn't available, you can get their info via:
23 error     npm owner ls coapi
23 error There is likely additional logging output above.
24 verbose exit [ 1, true ]
